Added Component: Designator=U1(FP-LQFP144-1A-IPC_A)
Added Pin To Net: NetName=NetP8_5 Pin=U1-2
Added Pin To Net: NetName=NetP8_6 Pin=U1-4
Added Pin To Net: NetName=NetP8_8 Pin=U1-5
Added Pin To Net: NetName=V3.3 Pin=U1-6
Added Pin To Net: NetName=NetP8_7 Pin=U1-7
Added Pin To Net: NetName=V3.3 Pin=U1-17
Added Pin To Net: NetName=NetC18_1 Pin=U1-23
Added Pin To Net: NetName=NetR3_2 Pin=U1-24
Added Pin To Net: NetName=NetC23_2 Pin=U1-25
Added Pin To Net: NetName=V3.3 Pin=U1-30
Added Pin To Net: NetName=GND Pin=U1-31
Added Pin To Net: NetName=V3.3 Pin=U1-32
Added Pin To Net: NetName=V3.3 Pin=U1-33
Added Pin To Net: NetName=NetP10_4 Pin=U1-34
Added Pin To Net: NetName=NetP10_3 Pin=U1-35
Added Pin To Net: NetName=V3.3 Pin=U1-39
Added Pin To Net: NetName=V3.3 Pin=U1-52
Added Pin To Net: NetName=V3.3 Pin=U1-62
Added Pin To Net: NetName=NetP5_2 Pin=U1-69
Added Pin To Net: NetName=NetC1_1 Pin=U1-71
Added Pin To Net: NetName=V3.3 Pin=U1-72
Added Pin To Net: NetName=NetP8_3 Pin=U1-74
Added Pin To Net: NetName=NetP8_2 Pin=U1-75
Added Pin To Net: NetName=NetP8_4 Pin=U1-76
Added Pin To Net: NetName=NetP8_1 Pin=U1-77
Added Pin To Net: NetName=NetP5_3 Pin=U1-78
Added Pin To Net: NetName=NetP12_4 Pin=U1-81
Added Pin To Net: NetName=NetP12_3 Pin=U1-82
Added Pin To Net: NetName=V3.3 Pin=U1-84
Added Pin To Net: NetName=NetP2_1 Pin=U1-89
Added Pin To Net: NetName=NetP3_1 Pin=U1-90
Added Pin To Net: NetName=V3.3 Pin=U1-95
Added Pin To Net: NetName=NetR1_1 Pin=U1-96
Added Pin To Net: NetName=NetP4_2 Pin=U1-101
Added Pin To Net: NetName=NetP4_3 Pin=U1-102
Added Pin To Net: NetName=NetP7_2 Pin=U1-105
Added Pin To Net: NetName=NetC2_1 Pin=U1-106
Added Pin To Net: NetName=V3.3 Pin=U1-108
Added Pin To Net: NetName=NetP7_6 Pin=U1-109
Added Pin To Net: NetName=NetP9_3 Pin=U1-110
Added Pin To Net: NetName=V3.3 Pin=U1-121
Added Pin To Net: NetName=V3.3 Pin=U1-131
Added Pin To Net: NetName=NetP7_5 Pin=U1-133
Added Pin To Net: NetName=NetP11_3 Pin=U1-134
Added Pin To Net: NetName=NetP11_4 Pin=U1-135
Added Pin To Net: NetName=NetP6_4 Pin=U1-136
Added Pin To Net: NetName=NetP6_3 Pin=U1-137
Added Pin To Net: NetName=NetR2_1 Pin=U1-138
Added Pin To Net: NetName=V3.3 Pin=U1-144
Added Member To Class: ClassName=MCU_board_1 Member=Component U1 STM32H723ZGT6
