Removed Pin From Net: NetName=GND Pin=P13-A1
Removed Pin From Net: NetName=GND Pin=P13-A12
Removed Pin From Net: NetName=GND Pin=P13-B1
Removed Pin From Net: NetName=GND Pin=P13-B12
Removed Pin From Net: NetName=GND Pin=P13-MP1
Removed Pin From Net: NetName=GND Pin=P13-MP2
Removed Pin From Net: NetName=GND Pin=P13-MP3
Removed Pin From Net: NetName=GND Pin=P13-MP4
Removed Member From Class: ClassName=MCU_board_2 Member=P13
Change Component Comment : Designator=P5 Old Comment= New Comment=UART OUT
Added Component: Designator=J?(USB4110GFA)
Add component (AddParameter): Name = "Arrow Part Number"; Value = ""; VariantName = "[No Variations]"
Add component (AddParameter): Name = "Arrow Price/Stock"; Value = ""; VariantName = "[No Variations]"
Add component (AddParameter): Name = "Datasheet Link"; Value = "https://gct.co/files/drawings/usb4110.pdf"; VariantName = "[No Variations]"
Add component (AddParameter): Name = "Height"; Value = "3.26mm"; VariantName = "[No Variations]"
Add component (AddParameter): Name = "Manufacturer_Name"; Value = "GCT (GLOBAL CONNECTOR TECHNOLOGY)"; VariantName = "[No Variations]"
Add component (AddParameter): Name = "Manufacturer_Part_Number"; Value = "USB4110-GF-A"; VariantName = "[No Variations]"
Add component (AddParameter): Name = "Mouser Part Number"; Value = "640-USB4110-GF-A"; VariantName = "[No Variations]"
Add component (AddParameter): Name = "Mouser Price/Stock"; Value = "https://www.mouser.co.uk/ProductDetail/GCT/USB4110-GF-A?qs=KUoIvG%2F9IlYiZvIXQjyJeA%3D%3D"; VariantName = "[No Variations]"
Add component (AddParameter): Name = "Mouser Testing Part Number"; Value = ""; VariantName = "[No Variations]"
Add component (AddParameter): Name = "Mouser Testing Price/Stock"; Value = ""; VariantName = "[No Variations]"
Added Pin To Net: NetName=GND Pin=J?-A1
Added Pin To Net: NetName=GND Pin=J?-A12
Added Pin To Net: NetName=GND Pin=J?-B1
Added Pin To Net: NetName=GND Pin=J?-B12
Added Pin To Net: NetName=GND Pin=J?-MP1
Added Pin To Net: NetName=GND Pin=J?-MP2
Added Pin To Net: NetName=GND Pin=J?-MP3
Added Pin To Net: NetName=GND Pin=J?-MP4
Added Pin To Net: NetName=NetJ?_A5 Pin=J?-A5
Added Pin To Net: NetName=NetJ?_A5 Pin=R20-1
Added Net: Name=NetJ?_A5
Added Pin To Net: NetName=NetJ?_A6 Pin=J?-A6
Added Pin To Net: NetName=NetJ?_A6 Pin=J?-B6
Added Pin To Net: NetName=NetJ?_A6 Pin=U3-3
Added Net: Name=NetJ?_A6
Added Pin To Net: NetName=NetJ?_A7 Pin=J?-A7
Added Pin To Net: NetName=NetJ?_A7 Pin=J?-B7
Added Pin To Net: NetName=NetJ?_A7 Pin=U3-4
Added Net: Name=NetJ?_A7
Added Pin To Net: NetName=NetJ?_B5 Pin=J?-B5
Added Pin To Net: NetName=NetJ?_B5 Pin=R21-1
Added Net: Name=NetJ?_B5
Added Member To Class: ClassName=MCU_board_2 Member=Component J? USB4110-GF-A
Added Member To Class: ClassName=MCU_board_3 Member=Component P12 61900411021
